<?xml version="1.0" encoding="utf-8"?><testsuites name="pytest tests"><testsuite name="pytest" errors="0" failures="0" skipped="0" tests="5" time="0.979" timestamp="2026-02-23T18:11:12.975297+00:00" hostname="agent-env-384e42f4-9b51-4f40-88f7-93e3c51b97b4"><testcase classname="backend.tests.test_chat_endpoints.TestChatEndpointsUnauthenticated" name="test_post_chat_message_requires_auth" time="0.241" /><testcase classname="backend.tests.test_chat_endpoints.TestChatEndpointsUnauthenticated" name="test_get_chat_sessions_requires_auth" time="0.147" /><testcase classname="backend.tests.test_chat_endpoints.TestChatEndpointsUnauthenticated" name="test_get_chat_history_requires_auth" time="0.115" /><testcase classname="backend.tests.test_chat_endpoints.TestChatEndpointsUnauthenticated" name="test_delete_chat_session_requires_auth" time="0.124" /><testcase classname="backend.tests.test_chat_endpoints.TestChatEndpointsUnauthenticated" name="test_chat_message_empty_returns_error_structure" time="0.188" /></testsuite></testsuites>