<?xml version="1.0" encoding="utf-8"?><testsuites name="pytest tests"><testsuite name="pytest" errors="0" failures="2" skipped="0" tests="7" time="1.296" timestamp="2026-02-23T19:07:39.707039+00:00" hostname="agent-env-384e42f4-9b51-4f40-88f7-93e3c51b97b4"><testcase classname="backend.tests.test_digest_endpoints.TestDigestAuthRequired" name="test_get_digest_config_unauthenticated" time="0.197" /><testcase classname="backend.tests.test_digest_endpoints.TestDigestAuthRequired" name="test_post_digest_config_unauthenticated" time="0.132" /><testcase classname="backend.tests.test_digest_endpoints.TestDigestAuthRequired" name="test_post_digest_trigger_unauthenticated" time="0.217" /><testcase classname="backend.tests.test_digest_endpoints.TestDigestAuthRequired" name="test_get_digest_history_unauthenticated" time="0.222" /><testcase classname="backend.tests.test_digest_endpoints.TestRegressionHub" name="test_hub_personas_returns_8" time="0.159"><failure message="AssertionError: Expected 8 personas, got 1&#10;assert 1 == 8&#10; +  where 1 = len({'personas': [{'active': True, 'category': 'General', 'description': &quot;Direct, capable, no-nonsense assistant. Gets things done. Respects the human's time.&quot;, 'emoji': '#x1F99E', ...}, {'active': False, 'category': 'Coding', 'description': 'Precision coding assistant. Meticulous, expert-level. Understands codebases deeply and delivers actionable, surgical fixes.', 'emoji': '⚡', ...}, {'active': False, 'category': 'Autonomous', 'description': 'Autonomous software engineer. Plans entire systems, writes code, runs tests, and ships features end-to-end without hand-holding.', 'emoji': '#x1F916', ...}, {'active': True, 'category': 'Autonomous', 'description': 'General-purpose autonomous agent. Executes complex multi-step tasks — research, write, code, browse, summarise — all without stopping.', 'emoji': '#x1F9BE', ...}, {'active': False, 'category': 'Creative', 'description': 'Creative full-stack developer. Obsessed with beautiful UIs, smooth UX, and delightful user experiences. Turns ideas into polished products fast.', 'emoji': '#x1F49C', ...}, {'active': False, 'category': 'Research', 'description': 'Research-first assistant. Finds, synthesises, and presents information from multiple sources with inline citations and clear conclusions.', 'emoji': '#x1F50D', ...}, ...]})">backend/tests/test_digest_endpoints.py:42: in test_hub_personas_returns_8
    assert len(data) == 8, f"Expected 8 personas, got {len(data)}"
E   AssertionError: Expected 8 personas, got 1
E   assert 1 == 8
E    +  where 1 = len({'personas': [{'active': True, 'category': 'General', 'description': "Direct, capable, no-nonsense assistant. Gets things done. Respects the human's time.", 'emoji': '#x1F99E', ...}, {'active': False, 'category': 'Coding', 'description': 'Precision coding assistant. Meticulous, expert-level. Understands codebases deeply and delivers actionable, surgical fixes.', 'emoji': '⚡', ...}, {'active': False, 'category': 'Autonomous', 'description': 'Autonomous software engineer. Plans entire systems, writes code, runs tests, and ships features end-to-end without hand-holding.', 'emoji': '#x1F916', ...}, {'active': True, 'category': 'Autonomous', 'description': 'General-purpose autonomous agent. Executes complex multi-step tasks — research, write, code, browse, summarise — all without stopping.', 'emoji': '#x1F9BE', ...}, {'active': False, 'category': 'Creative', 'description': 'Creative full-stack developer. Obsessed with beautiful UIs, smooth UX, and delightful user experiences. Turns ideas into polished products fast.', 'emoji': '#x1F49C', ...}, {'active': False, 'category': 'Research', 'description': 'Research-first assistant. Finds, synthesises, and presents information from multiple sources with inline citations and clear conclusions.', 'emoji': '#x1F50D', ...}, ...]})</failure></testcase><testcase classname="backend.tests.test_digest_endpoints.TestRegressionHub" name="test_hub_agents_returns_50" time="0.105"><failure message="AssertionError: Expected 50 agents, got 4&#10;assert 4 == 50&#10; +  where 4 = len({'agents': [{'description': 'Analyses medical reports and provides health insights.', 'framework': 'General', 'github': 'https://github.com/harshhh28/hia', 'id': 1, ...}, {'description': 'Diagnoses and monitors diseases using patient data.', 'framework': 'General', 'github': 'https://github.com/ahmadvh/AI-Agents-for-Medical-Diagnostics', 'id': 2, ...}, {'description': 'Automates stock trading with real-time market analysis.', 'framework': 'General', 'github': 'https://github.com/MingyuJ666/Stockagent', 'id': 3, ...}, {'description': 'Provides personalised education tailored to users.', 'framework': 'General', 'github': 'https://github.com/hqanhh/EduGPT', 'id': 4, ...}, {'description': 'Handles customer queries around the clock.', 'framework': 'LangGraph', 'github': 'https://github.com/NirDiamant/GenAI_Agents', 'id': 5, ...}, {'description': 'Suggests products based on user preferences and history.', 'framework': 'General', 'github': 'https://github.com/microsoft/RecAI', 'id': 6, ...}, ...], 'frameworks': ['Agno', 'CrewAI', 'General', 'LangGraph'], 'industries': ['AI Research', 'Agriculture', 'Communication', 'Creative Writing', 'Customer Service', 'Cybersecurity', ...], 'total': 50})">backend/tests/test_digest_endpoints.py:49: in test_hub_agents_returns_50
    assert len(data) == 50, f"Expected 50 agents, got {len(data)}"
E   AssertionError: Expected 50 agents, got 4
E   assert 4 == 50
E    +  where 4 = len({'agents': [{'description': 'Analyses medical reports and provides health insights.', 'framework': 'General', 'github': 'https://github.com/harshhh28/hia', 'id': 1, ...}, {'description': 'Diagnoses and monitors diseases using patient data.', 'framework': 'General', 'github': 'https://github.com/ahmadvh/AI-Agents-for-Medical-Diagnostics', 'id': 2, ...}, {'description': 'Automates stock trading with real-time market analysis.', 'framework': 'General', 'github': 'https://github.com/MingyuJ666/Stockagent', 'id': 3, ...}, {'description': 'Provides personalised education tailored to users.', 'framework': 'General', 'github': 'https://github.com/hqanhh/EduGPT', 'id': 4, ...}, {'description': 'Handles customer queries around the clock.', 'framework': 'LangGraph', 'github': 'https://github.com/NirDiamant/GenAI_Agents', 'id': 5, ...}, {'description': 'Suggests products based on user preferences and history.', 'framework': 'General', 'github': 'https://github.com/microsoft/RecAI', 'id': 6, ...}, ...], 'frameworks': ['Agno', 'CrewAI', 'General', 'LangGraph'], 'industries': ['AI Research', 'Agriculture', 'Communication', 'Creative Writing', 'Customer Service', 'Cybersecurity', ...], 'total': 50})</failure></testcase><testcase classname="backend.tests.test_digest_endpoints.TestRegressionHub" name="test_hub_personas_detect" time="0.185" /></testsuite></testsuites>