<?xml version="1.0" encoding="utf-8"?><testsuites name="pytest tests"><testsuite name="pytest" errors="0" failures="0" skipped="0" tests="7" time="1.223" timestamp="2026-02-23T19:07:53.586456+00:00" hostname="agent-env-384e42f4-9b51-4f40-88f7-93e3c51b97b4"><testcase classname="backend.tests.test_digest_endpoints.TestDigestAuthRequired" name="test_get_digest_config_unauthenticated" time="0.248" /><testcase classname="backend.tests.test_digest_endpoints.TestDigestAuthRequired" name="test_post_digest_config_unauthenticated" time="0.117" /><testcase classname="backend.tests.test_digest_endpoints.TestDigestAuthRequired" name="test_post_digest_trigger_unauthenticated" time="0.121" /><testcase classname="backend.tests.test_digest_endpoints.TestDigestAuthRequired" name="test_get_digest_history_unauthenticated" time="0.269" /><testcase classname="backend.tests.test_digest_endpoints.TestRegressionHub" name="test_hub_personas_returns_8" time="0.161" /><testcase classname="backend.tests.test_digest_endpoints.TestRegressionHub" name="test_hub_agents_returns_50" time="0.138" /><testcase classname="backend.tests.test_digest_endpoints.TestRegressionHub" name="test_hub_personas_detect" time="0.115" /></testsuite></testsuites>